Fri May 06 17:14:23 EEST 2022 : Apache Derby Network Server - 10.11.1.2 - (1629631) started and ready to accept connections on port 1527
----------------------------------------------------------------
Fri May 06 17:14:24 EEST 2022:
Booting Derby version The Apache Software Foundation - Apache Derby - 10.11.1.2 - (1629631): instance a816c00e-0180-99b8-ae1f-0000577a7c45 
on database directory C:\Users\96278\AppData\Roaming\NetBeans\Derby\Employee with class loader sun.misc.Launcher$AppClassLoader@6f94fa3e 
Loaded from file:/C:/Program%20Files/Java/jdk1.8.0_111/db/lib/derby.jar
java.vendor=Oracle Corporation
java.runtime.version=1.8.0_111-b14
user.dir=C:\Program Files\Java\jdk1.8.0_111\db
os.name=Windows 10
os.arch=amd64
os.version=10.0
derby.system.home=C:\Users\96278\AppData\Roaming\NetBeans\Derby
Database Class Loader started - derby.database.classpath=''
----------------------------------------------------------------
Fri May 06 17:35:00 EEST 2022:
Booting Derby version The Apache Software Foundation - Apache Derby - 10.11.1.2 - (1629631): instance 38c30028-0180-99b8-ae1f-0000577a7c45 
on database directory C:\Users\96278\AppData\Roaming\NetBeans\Derby\sample with class loader sun.misc.Launcher$AppClassLoader@6f94fa3e 
Loaded from file:/C:/Program%20Files/Java/jdk1.8.0_111/db/lib/derby.jar
java.vendor=Oracle Corporation
java.runtime.version=1.8.0_111-b14
user.dir=C:\Program Files\Java\jdk1.8.0_111\db
os.name=Windows 10
os.arch=amd64
os.version=10.0
derby.system.home=C:\Users\96278\AppData\Roaming\NetBeans\Derby
Database Class Loader started - derby.database.classpath=''
